GROUP,PACKAGE,CLASS,INSTRUCTION_MISSED,INSTRUCTION_COVERED,BRANCH_MISSED,BRANCH_COVERED,LINE_MISSED,LINE_COVERED,COMPLEXITY_MISSED,COMPLEXITY_COVERED,METHOD_MISSED,METHOD_COVERED
Sistema Bancario,com.example.util,CreditoCodigoGenerator,9,36,2,1,3,6,3,2,1,2
Sistema Bancario,com.example.adapter,ScoreProviderRegistry,0,33,0,0,0,8,0,2,0,2
Sistema Bancario,com.example.adapter,LegacyRiskApi,10,24,1,3,2,6,3,3,2,2
Sistema Bancario,com.example.adapter,LegacyRiskApiAdapter,5,37,3,3,3,12,3,4,0,2
Sistema Bancario,com.example.adapter,BuroFinancieroAdapter,5,30,0,0,0,10,1,2,1,2
Sistema Bancario,com.example.template.impl,SolicitudCreditoDefault,0,103,1,3,0,28,1,5,0,3
Sistema Bancario,com.example.template.impl,AperturaCuentaDefault,72,0,2,0,19,0,5,0,4,0
Sistema Bancario,com.example.state,DesembolsadoState,30,26,4,2,8,7,5,3,2,3
Sistema Bancario,com.example.state,CanceladoState,5,0,0,0,2,0,2,0,2,0
Sistema Bancario,com.example.state,EnMoraState,39,0,4,0,11,0,5,0,3,0
Sistema Bancario,com.example.state,AprobadoState,6,11,0,0,2,4,1,3,1,3
Sistema Bancario,com.example.state,StateFactory,23,16,6,3,6,4,6,2,0,1
Sistema Bancario,com.example.state,CreditoState,35,7,0,0,5,1,5,1,5,1
Sistema Bancario,com.example.state,SolicitadoState,0,17,0,0,0,6,0,4,0,4
Sistema Bancario,com.example.state,RechazadoState,0,5,0,0,0,2,0,2,0,2
Sistema Bancario,com.example.strategy.impl,InteresLibreInversionStrategy,0,10,0,0,0,3,0,2,0,2
Sistema Bancario,com.example.strategy.impl,InteresHipotecarioStrategy,2,18,1,1,0,4,1,2,0,2
Sistema Bancario,com.example.strategy.impl,InteresConsumoStrategy,0,10,0,0,0,3,0,2,0,2
Sistema Bancario,com.example.observer,CreditoEstadoCambiadoEvent,0,11,0,0,0,5,0,3,0,3
Sistema Bancario,com.example.observer,FraudeObserver,16,7,2,0,4,2,2,2,1,2
Sistema Bancario,com.example.observer,NotificacionObserver,0,24,1,1,0,6,1,3,0,3
Sistema Bancario,com.example.observer,TransaccionRegistradaEvent,5,6,0,0,2,3,2,1,2,1
Sistema Bancario,com.example.observer,DomainEventPublisher,0,27,0,4,0,7,0,4,0,2
Sistema Bancario,com.example.observer,CuentaSaldoActualizadoEvent,11,0,0,0,5,0,3,0,3,0
Sistema Bancario,com.example.observer,LoggingObserver,0,14,0,0,0,4,0,3,0,3
Sistema Bancario,com.example.observer,DomainEvent,0,9,0,0,0,3,0,2,0,2
Sistema Bancario,com.example.factory,ValidadorCedula,2,13,1,3,1,2,2,3,1,2
Sistema Bancario,com.example.factory,TransferenciaFactory,40,0,0,0,13,0,2,0,2,0
Sistema Bancario,com.example.factory,FabricaProductosProvider,0,28,0,5,0,7,0,5,0,2
Sistema Bancario,com.example.factory,PagoServicioFactory,39,0,0,0,12,0,2,0,2,0
Sistema Bancario,com.example.factory,DepositoFactory,33,0,0,0,11,0,2,0,2,0
Sistema Bancario,com.example.factory,ValidadorNIT,2,13,1,3,1,2,2,3,1,2
Sistema Bancario,com.example.factory,TransaccionFactory,3,3,0,0,1,1,1,1,1,1
Sistema Bancario,com.example.factory,FactoryPersonaNatural,42,59,0,0,10,13,2,4,2,4
Sistema Bancario,com.example.factory,FactoryPersonaJuridica,42,59,0,0,10,13,2,4,2,4
Sistema Bancario,com.example.factory,RetiroFactory,0,34,0,0,0,11,0,2,0,2
Sistema Bancario,com.example.factory,FactoryExtranjero,42,59,0,0,10,13,2,4,2,4
Sistema Bancario,com.example.factory,ValidadorPasaporte,15,0,4,0,3,0,5,0,3,0
Sistema Bancario,com.example.strategy,InteresStrategyRegistry,3,56,1,5,1,10,1,5,0,2
Sistema Bancario,com.example.model,Transaccion.EstadoTransaccion,0,34,0,0,0,2,0,1,0,1
Sistema Bancario,com.example.model,Transaccion.TipoTransaccion,0,44,0,0,0,2,0,1,0,1
Sistema Bancario,com.example.model,Solicitud.EstadoSolicitud,0,44,0,0,0,2,0,1,0,1
Sistema Bancario,com.example.model,Cuenta.EstadoCuenta,0,34,0,0,0,2,0,1,0,1
Sistema Bancario,com.example.model,Transaccion,10,79,0,4,4,31,3,20,3,18
Sistema Bancario,com.example.model,Cuenta.TipoCuenta,0,24,0,0,0,2,0,1,0,1
Sistema Bancario,com.example.model,Credito,34,145,1,3,13,57,4,32,3,31
Sistema Bancario,com.example.model,Cliente.TipoCliente,0,34,0,0,0,2,0,1,0,1
Sistema Bancario,com.example.model,Credito.EstadoCredito,0,74,0,0,0,8,0,1,0,1
Sistema Bancario,com.example.model,Solicitud.TipoSolicitud,34,0,0,0,2,0,1,0,1,0
Sistema Bancario,com.example.model,Cuenta,2,84,4,6,1,26,4,16,0,15
Sistema Bancario,com.example.model,Score,3,35,0,2,1,13,1,9,1,8
Sistema Bancario,com.example.model,Credito.TipoCredito,0,44,0,0,0,2,0,1,0,1
Sistema Bancario,com.example.model,ProductoFinanciero,0,30,0,0,0,13,0,8,0,8
Sistema Bancario,com.example.model,Cliente,0,124,2,2,0,43,2,25,0,25
Sistema Bancario,com.example.model,Solicitud,24,60,5,5,10,20,12,7,7,7
Sistema Bancario,com.example.service,TransaccionService,177,90,9,4,30,20,19,6,13,4
Sistema Bancario,com.example.service,CreditoService,109,103,3,1,19,28,15,5,13,5
Sistema Bancario,com.example.service,CuentaService,236,92,10,2,50,21,23,4,18,3
Sistema Bancario,com.example.service,ClienteService,115,77,4,2,24,20,19,3,16,3
Sistema Bancario,com.example.template,AperturaCuentaTemplate,46,0,2,0,15,0,7,0,6,0
Sistema Bancario,com.example.template,SolicitudCreditoTemplate,10,134,2,4,2,36,2,7,0,6
Sistema Bancario,com.example.decorator,CashbackDecorator,4,14,0,0,1,4,1,3,1,3
Sistema Bancario,com.example.decorator,BaseProductoComponent,53,18,9,1,11,7,8,3,3,3
Sistema Bancario,com.example.decorator,SeguroVidaDecorator,4,9,0,0,1,3,1,2,1,2
Sistema Bancario,com.example.decorator,BeneficioVipDecorator,4,14,0,0,1,4,1,3,1,3
Sistema Bancario,com.example.decorator,ExencionCuotaDecorator,16,0,0,0,4,0,3,0,3,0
Sistema Bancario,com.example.decorator,ProductoDecorator,8,14,0,0,2,5,2,3,2,3
Sistema Bancario,com.example.config,DatabaseConfig,183,95,16,0,37,22,24,5,16,5
Sistema Bancario,com.example.config,BankConfig,240,214,32,2,54,44,37,13,20,13
Sistema Bancario,com.example.chain,ApprovalChainBuilder,0,46,0,0,0,13,0,2,0,2
Sistema Bancario,com.example.chain,ScoreHandler,0,20,0,2,0,5,0,3,0,2
Sistema Bancario,com.example.chain,DocumentacionHandler,0,14,0,2,0,5,0,3,0,2
Sistema Bancario,com.example.chain,MontoHandler,5,14,1,1,2,4,1,2,0,2
Sistema Bancario,com.example.chain,ApprovalContext,0,44,0,0,0,17,0,9,0,9
Sistema Bancario,com.example.chain,AprobacionFinalHandler,0,7,0,0,0,3,0,2,0,2
Sistema Bancario,com.example.chain,AbstractApprovalHandler,1,33,3,7,1,11,3,6,0,4
Sistema Bancario,com.example.chain,PlazoHandler,5,16,2,2,2,4,2,2,0,2
Sistema Bancario,com.example.chain,EndeudamientoHandler,19,21,1,1,2,6,1,2,0,2
Sistema Bancario,com.example.builder,BaseCreditoBuilder,62,0,2,0,23,0,10,0,9,0
Sistema Bancario,com.example.builder,CreditoBuilderRegistry,0,25,0,4,0,6,0,5,0,2
Sistema Bancario,com.example.builder,LibreInversionCreditoBuilder,30,24,1,1,10,8,6,3,5,3
Sistema Bancario,com.example.builder,ConsumoCreditoBuilder,30,24,1,1,10,8,6,3,5,3
Sistema Bancario,com.example.builder,VehiculoCreditoBuilder,6,52,0,2,2,17,1,8,1,7
Sistema Bancario,com.example.builder,HipotecarioCreditoBuilder,30,28,1,1,10,9,6,3,5,3
Sistema Bancario,com.example.composite,PaqueteProductos,52,42,3,1,9,12,6,5,4,5
Sistema Bancario,com.example.repository,ClienteRepository,60,41,3,3,12,10,11,5,9,4
Sistema Bancario,com.example.repository,CuentaRepository,65,56,5,5,14,12,13,6,9,5
Sistema Bancario,com.example.repository,CreditoRepository,91,37,10,2,18,9,17,4,11,4
Sistema Bancario,com.example.repository,TransaccionRepository,101,37,14,2,18,9,19,4,11,4
