<?xml version="1.0" encoding="UTF-8"?>
<testsuite xmlns:xsi="http://www.w3.org/2001/XMLSchema-instance" xsi:noNamespaceSchemaLocation="https://maven.apache.org/surefire/maven-surefire-plugin/xsd/surefire-test-report.xsd" version="3.0.2" name="unit.UserUnitTest$EdgeCasesTests" time="0.005" tests="4" errors="0" skipped="0" failures="0">
  <properties>
[...]
</properties>
  <testcase name="shouldDemonstrateTestDataFactoryUsage" classname="unit.UserUnitTest" time="0.055"/>
  <testcase name="shouldHandleNullValues" classname="unit.UserUnitTest$EdgeCasesTests" time="0.003"/>
  <testcase name="shouldHandleVeryLongStrings" classname="unit.UserUnitTest$EdgeCasesTests" time="0.0"/>
  <testcase name="shouldHandleEmptyStrings" classname="unit.UserUnitTest$EdgeCasesTests" time="0.0"/>
</testsuite>