<?xml version="1.0" encoding="UTF-8"?>
<testsuite xmlns:xsi="http://www.w3.org/2001/XMLSchema-instance" xsi:noNamespaceSchemaLocation="https://maven.apache.org/surefire/maven-surefire-plugin/xsd/surefire-test-report.xsd" version="3.0.2" name="com.example.controller.cliente.ClienteControllerUnitTest" time="1.789" tests="17" errors="0" skipped="0" failures="0">
  <properties>
[...]
</properties>
  <testcase name="testCrearClienteNumDocNulo" classname="com.example.controller.cliente.ClienteControllerUnitTest" time="1.652">
    <system-err><![CDATA[Mockito is currently self-attaching to enable the inline-mock-maker. This will no longer work in future releases of the JDK. Please add Mockito as an agent to your build what is described in Mockito's documentation: https://javadoc.io/doc/org.mockito/mockito-core/latest/org/mockito/Mockito.html#0.3
WARNING: A Java agent has been loaded dynamically (C:\Users\keive\.m2\repository\net\bytebuddy\byte-buddy-agent\1.15.4\byte-buddy-agent-1.15.4.jar)
WARNING: If a serviceability tool is in use, please run with -XX:+EnableDynamicAgentLoading to hide this warning
WARNING: If a serviceability tool is not in use, please run with -Djdk.instrument.traceUsage for more information
WARNING: Dynamic loading of agents will be disallowed by default in a future release
[main] INFO com.example.controller.ClienteController - 
CREAR NUEVO CLIENTE

]]></system-err>
  </testcase>
  <testcase name="testCrearClienteTipoClienteNulo" classname="com.example.controller.cliente.ClienteControllerUnitTest" time="0.01">
    <system-err><![CDATA[[main] INFO com.example.controller.ClienteController - 
CREAR NUEVO CLIENTE

]]></system-err>
  </testcase>
  <testcase name="testSeleccionarClienteExito" classname="com.example.controller.cliente.ClienteControllerUnitTest" time="0.018">
    <system-err><![CDATA[[main] INFO com.example.controller.ClienteController - 
Clientes:
[main] INFO com.example.controller.ClienteController - CÓDIGO       NOMBRE                        
[main] INFO com.example.controller.ClienteController - ---------------------------------------------
[main] INFO com.example.controller.ClienteController - CLI-1        Juan Perez                    
[main] INFO com.example.controller.ClienteController - ---------------------------------------------
[main] INFO com.example.controller.InputUtils - 
Código del cliente [0=cancelar]: 
]]></system-err>
  </testcase>
  <testcase name="testListarClientesSinClientes" classname="com.example.controller.cliente.ClienteControllerUnitTest" time="0.004">
    <system-err><![CDATA[[main] INFO com.example.controller.ClienteController - 
LISTADO DE CLIENTES

[main] INFO com.example.controller.ClienteController - No hay clientes registrados
]]></system-err>
  </testcase>
  <testcase name="testSeleccionarClienteSinClientes" classname="com.example.controller.cliente.ClienteControllerUnitTest" time="0.005">
    <system-err><![CDATA[[main] ERROR com.example.controller.ClienteController - No hay clientes. Cree un cliente primero
]]></system-err>
  </testcase>
  <testcase name="testSeleccionarClienteCodigoNoExiste" classname="com.example.controller.cliente.ClienteControllerUnitTest" time="0.006">
    <system-err><![CDATA[[main] INFO com.example.controller.ClienteController - 
Clientes:
[main] INFO com.example.controller.ClienteController - CÓDIGO       NOMBRE                        
[main] INFO com.example.controller.ClienteController - ---------------------------------------------
[main] INFO com.example.controller.ClienteController - CLI-1                                      
[main] INFO com.example.controller.ClienteController - ---------------------------------------------
[main] INFO com.example.controller.InputUtils - 
Código del cliente [0=cancelar]: 
[main] ERROR com.example.controller.ClienteController - Cliente no encontrado
]]></system-err>
  </testcase>
  <testcase name="testCrearCliente" classname="com.example.controller.cliente.ClienteControllerUnitTest" time="0.011">
    <system-err><![CDATA[[main] INFO com.example.controller.ClienteController - 
CREAR NUEVO CLIENTE

[main] INFO com.example.controller.ClienteController - 
Cliente creado exitosamente
[main] INFO com.example.controller.ClienteController - Código: CLI-0001
[main] INFO com.example.controller.ClienteController - Tipo: PERSONA_NATURAL
]]></system-err>
  </testcase>
  <testcase name="testCambiarScoreClienteExito" classname="com.example.controller.cliente.ClienteControllerUnitTest" time="0.006">
    <system-err><![CDATA[[main] INFO com.example.controller.ClienteController - 
CAMBIAR SCORE DE CLIENTE

[main] INFO com.example.controller.InputUtils - Código de cliente [0=cancelar]: 
[main] INFO com.example.controller.InputUtils - Nuevo score (300-850) [0=cancelar]: 
[main] ERROR com.example.controller.ClienteController - Error: Cannot invoke "com.example.model.cliente.Cliente.getScoreActual()" because "actualizado" is null
]]></system-err>
  </testcase>
  <testcase name="testCrearClienteNombreVacio" classname="com.example.controller.cliente.ClienteControllerUnitTest" time="0.006">
    <system-err><![CDATA[[main] INFO com.example.controller.ClienteController - 
CREAR NUEVO CLIENTE

]]></system-err>
  </testcase>
  <testcase name="testCrearClienteExcepcionServicio" classname="com.example.controller.cliente.ClienteControllerUnitTest" time="0.014">
    <system-err><![CDATA[[main] INFO com.example.controller.ClienteController - 
CREAR NUEVO CLIENTE

[main] ERROR com.example.controller.ClienteController - Error: Error inesperado
]]></system-err>
  </testcase>
  <testcase name="testCrearClientePersonaJuridica" classname="com.example.controller.cliente.ClienteControllerUnitTest" time="0.008">
    <system-err><![CDATA[[main] INFO com.example.controller.ClienteController - 
CREAR NUEVO CLIENTE

[main] INFO com.example.controller.ClienteController - 
Cliente creado exitosamente
[main] INFO com.example.controller.ClienteController - Código: CLI-0002
[main] INFO com.example.controller.ClienteController - Tipo: PERSONA_JURIDICA
]]></system-err>
  </testcase>
  <testcase name="testCambiarScoreClienteSinClientes" classname="com.example.controller.cliente.ClienteControllerUnitTest" time="0.005">
    <system-err><![CDATA[[main] INFO com.example.controller.ClienteController - 
CAMBIAR SCORE DE CLIENTE

[main] INFO com.example.controller.InputUtils - Código de cliente [0=cancelar]: 
[main] INFO com.example.controller.InputUtils - Operación cancelada
[main] INFO com.example.controller.InputUtils - Operación cancelada
]]></system-err>
  </testcase>
  <testcase name="testCrearClienteDocumentoDuplicado" classname="com.example.controller.cliente.ClienteControllerUnitTest" time="0.008">
    <system-err><![CDATA[[main] INFO com.example.controller.ClienteController - 
CREAR NUEVO CLIENTE

[main] ERROR com.example.controller.ClienteController - Error: Documento ya existe
]]></system-err>
  </testcase>
  <testcase name="testCrearClienteDocumentoInvalido" classname="com.example.controller.cliente.ClienteControllerUnitTest" time="0.006">
    <system-err><![CDATA[[main] INFO com.example.controller.ClienteController - 
CREAR NUEVO CLIENTE

]]></system-err>
  </testcase>
  <testcase name="testListarClientesConClientes" classname="com.example.controller.cliente.ClienteControllerUnitTest" time="0.005">
    <system-err><![CDATA[[main] INFO com.example.controller.ClienteController - 
LISTADO DE CLIENTES

[main] INFO com.example.controller.ClienteController - CÓDIGO       NOMBRE                         TIPO                 DOCUMENTO      
[main] INFO com.example.controller.ClienteController - --------------------------------------------------------------------------------
[main] INFO com.example.controller.ClienteController - CLI-1        Juan Perez                     PERSONA_NATURAL      123            
[main] INFO com.example.controller.ClienteController - --------------------------------------------------------------------------------
[main] INFO com.example.controller.ClienteController - Total: 1 cliente(s)
]]></system-err>
  </testcase>
  <testcase name="testCrearClienteTipoDocNulo" classname="com.example.controller.cliente.ClienteControllerUnitTest" time="0.005">
    <system-err><![CDATA[[main] INFO com.example.controller.ClienteController - 
CREAR NUEVO CLIENTE

]]></system-err>
  </testcase>
  <testcase name="testCrearClienteNombreNulo" classname="com.example.controller.cliente.ClienteControllerUnitTest" time="0.004">
    <system-err><![CDATA[[main] INFO com.example.controller.ClienteController - 
CREAR NUEVO CLIENTE

]]></system-err>
  </testcase>
</testsuite>