<?xml version="1.0" encoding="UTF-8"?>
<testsuite xmlns:xsi="http://www.w3.org/2001/XMLSchema-instance" xsi:noNamespaceSchemaLocation="https://maven.apache.org/surefire/maven-surefire-plugin/xsd/surefire-test-report.xsd" version="3.0.2" name="com.example.service.cuenta.CuentaServiceUnitTest" time="0.11" tests="30" errors="0" skipped="0" failures="0">
  <properties>
[...]
</properties>
  <testcase name="transferir_excedeLimite" classname="com.example.service.cuenta.CuentaServiceUnitTest" time="0.036"/>
  <testcase name="transferir_ok" classname="com.example.service.cuenta.CuentaServiceUnitTest" time="0.003"/>
  <testcase name="obtenerCuenta_existe" classname="com.example.service.cuenta.CuentaServiceUnitTest" time="0.001"/>
  <testcase name="bloquearCuenta_noExiste" classname="com.example.service.cuenta.CuentaServiceUnitTest" time="0.001"/>
  <testcase name="consultarSaldo_ok" classname="com.example.service.cuenta.CuentaServiceUnitTest" time="0.001"/>
  <testcase name="bloquearCuenta_ok" classname="com.example.service.cuenta.CuentaServiceUnitTest" time="0.002"/>
  <testcase name="listarCuentasCliente_ok" classname="com.example.service.cuenta.CuentaServiceUnitTest" time="0.001"/>
  <testcase name="obtenerCuentaPorNumero_noExiste" classname="com.example.service.cuenta.CuentaServiceUnitTest" time="0.001"/>
  <testcase name="abrirCuenta_saldoInsuficiente" classname="com.example.service.cuenta.CuentaServiceUnitTest" time="0.035"/>
  <testcase name="abrirCuenta_clienteNoExiste" classname="com.example.service.cuenta.CuentaServiceUnitTest" time="0.001"/>
  <testcase name="transferir_origenNoExiste" classname="com.example.service.cuenta.CuentaServiceUnitTest" time="0.001"/>
  <testcase name="transferir_destinoNoExiste" classname="com.example.service.cuenta.CuentaServiceUnitTest" time="0.001"/>
  <testcase name="depositarYRetirar_ok" classname="com.example.service.cuenta.CuentaServiceUnitTest" time="0.002"/>
  <testcase name="transferir_destinoNoDeposita" classname="com.example.service.cuenta.CuentaServiceUnitTest" time="0.002"/>
  <testcase name="transferir_origenNoRetira" classname="com.example.service.cuenta.CuentaServiceUnitTest" time="0.001"/>
  <testcase name="activarCuenta_noExiste" classname="com.example.service.cuenta.CuentaServiceUnitTest" time="0.002"/>
  <testcase name="obtenerCuentaPorCodigo_noExiste" classname="com.example.service.cuenta.CuentaServiceUnitTest" time="0.0"/>
  <testcase name="activarCuenta_ok" classname="com.example.service.cuenta.CuentaServiceUnitTest" time="0.0"/>
  <testcase name="abrirCuenta_ok" classname="com.example.service.cuenta.CuentaServiceUnitTest" time="0.002"/>
  <testcase name="abrirCuenta_unit" classname="com.example.service.cuenta.CuentaServiceUnitTest" time="0.001"/>
  <testcase name="obtenerCuentaPorNumero_ok" classname="com.example.service.cuenta.CuentaServiceUnitTest" time="0.0"/>
  <testcase name="abrirCuenta_tipoClienteNulo" classname="com.example.service.cuenta.CuentaServiceUnitTest" time="0.002"/>
  <testcase name="depositar_lanzaExcepcion" classname="com.example.service.cuenta.CuentaServiceUnitTest" time="0.001"/>
  <testcase name="obtenerCuenta_noExiste" classname="com.example.service.cuenta.CuentaServiceUnitTest" time="0.0"/>
  <testcase name="depositar_fallaNoPublicaEvento" classname="com.example.service.cuenta.CuentaServiceUnitTest" time="0.0"/>
  <testcase name="retirar_lanzaExcepcion" classname="com.example.service.cuenta.CuentaServiceUnitTest" time="0.0"/>
  <testcase name="listarTodasCuentas_ok" classname="com.example.service.cuenta.CuentaServiceUnitTest" time="0.0"/>
  <testcase name="retirar_fallaNoPublicaEvento" classname="com.example.service.cuenta.CuentaServiceUnitTest" time="0.001"/>
  <testcase name="consultarSaldo_noExiste" classname="com.example.service.cuenta.CuentaServiceUnitTest" time="0.0"/>
  <testcase name="obtenerCuentaPorCodigo_ok" classname="com.example.service.cuenta.CuentaServiceUnitTest" time="0.0"/>
</testsuite>